TN:
SF:lib\utils\branch-helpers.ts
FN:31,formatRupiah
FN:44,formatBranchStatus
FN:56,formatTime
FN:63,formatPhone
FN:70,formatRating
FN:81,calculateTotalRevenue
FN:82,(anonymous_40)
FN:93,calculateTotalCustomers
FN:94,(anonymous_42)
FN:100,calculateAverageRating
FN:102,(anonymous_44)
FN:109,calculateTargetProgress
FN:117,calculateShiftDuration
FN:130,calculateServiceTotal
FN:131,(anonymous_48)
FN:141,validateBranchForm
FN:182,validateServiceForm
FN:210,validateShiftForm
FN:242,validateTargetForm
FN:258,validatePhone
FN:270,filterBranches
FN:283,(anonymous_55)
FN:292,searchBranches
FN:297,(anonymous_57)
FN:310,sortBranches
FN:317,(anonymous_59)
FN:343,getStatusColor
FN:355,isBranchActive
FN:362,isBranchInactive
FN:369,isBranchMaintenance
FN:380,getTargetStatusColor
FN:392,formatTargetType
FN:404,formatTargetPeriod
FN:420,calculateBranchSummary
FN:443,getTopBranches
FN:446,(anonymous_69)
FN:461,getActiveServicesCount
FN:462,(anonymous_71)
FN:468,getServicesByCategory
FN:469,(anonymous_73)
FN:479,getActiveShiftsCount
FN:480,(anonymous_75)
FN:486,hasAvailableSlots
FN:493,formatShiftDays
FNF:44
FNH:44
FNDA:2,formatRupiah
FNDA:4,formatBranchStatus
FNDA:1,formatTime
FNDA:1,formatPhone
FNDA:1,formatRating
FNDA:3,calculateTotalRevenue
FNDA:7,(anonymous_40)
FNDA:3,calculateTotalCustomers
FNDA:6,(anonymous_42)
FNDA:4,calculateAverageRating
FNDA:6,(anonymous_44)
FNDA:7,calculateTargetProgress
FNDA:1,calculateShiftDuration
FNDA:1,calculateServiceTotal
FNDA:2,(anonymous_48)
FNDA:8,validateBranchForm
FNDA:5,validateServiceForm
FNDA:6,validateShiftForm
FNDA:2,validateTargetForm
FNDA:2,validatePhone
FNDA:2,filterBranches
FNDA:2,(anonymous_55)
FNDA:3,searchBranches
FNDA:4,(anonymous_57)
FNDA:5,sortBranches
FNDA:9,(anonymous_59)
FNDA:3,getStatusColor
FNDA:14,isBranchActive
FNDA:4,isBranchInactive
FNDA:4,isBranchMaintenance
FNDA:4,getTargetStatusColor
FNDA:4,formatTargetType
FNDA:4,formatTargetPeriod
FNDA:1,calculateBranchSummary
FNDA:5,getTopBranches
FNDA:3,(anonymous_69)
FNDA:1,getActiveServicesCount
FNDA:2,(anonymous_71)
FNDA:1,getServicesByCategory
FNDA:2,(anonymous_73)
FNDA:1,getActiveShiftsCount
FNDA:1,(anonymous_75)
FNDA:1,hasAvailableSlots
FNDA:3,formatShiftDays
DA:31,2
DA:32,2
DA:33,2
DA:44,4
DA:45,4
DA:50,4
DA:56,1
DA:57,1
DA:63,1
DA:64,1
DA:70,1
DA:71,1
DA:81,2
DA:82,3
DA:83,7
DA:86,7
DA:93,2
DA:94,6
DA:100,3
DA:101,4
DA:102,6
DA:103,3
DA:109,3
DA:110,7
DA:111,6
DA:117,1
DA:118,1
DA:119,1
DA:121,1
DA:122,1
DA:124,1
DA:130,1
DA:131,2
DA:141,8
DA:142,8
DA:144,8
DA:145,1
DA:148,8
DA:149,1
DA:152,8
DA:153,1
DA:156,8
DA:157,1
DA:160,8
DA:161,1
DA:164,8
DA:165,1
DA:169,8
DA:170,1
DA:173,8
DA:182,5
DA:183,5
DA:185,5
DA:186,1
DA:189,5
DA:190,1
DA:193,5
DA:194,1
DA:197,5
DA:198,1
DA:201,5
DA:210,6
DA:211,6
DA:213,6
DA:214,1
DA:217,6
DA:218,1
DA:221,6
DA:222,1
DA:225,6
DA:226,1
DA:229,6
DA:230,1
DA:233,6
DA:242,2
DA:243,2
DA:245,2
DA:246,1
DA:249,2
DA:258,2
DA:259,2
DA:260,2
DA:270,2
DA:274,2
DA:277,2
DA:278,1
DA:282,2
DA:283,2
DA:286,2
DA:292,2
DA:293,3
DA:295,3
DA:297,2
DA:298,4
DA:310,5
DA:315,5
DA:317,5
DA:318,9
DA:319,9
DA:321,9
DA:322,9
DA:324,9
DA:325,7
DA:330,2
DA:333,5
DA:343,3
DA:344,3
DA:349,3
DA:355,1
DA:356,14
DA:362,1
DA:363,4
DA:369,1
DA:370,4
DA:380,4
DA:381,4
DA:383,4
DA:384,3
DA:385,2
DA:386,1
DA:392,4
DA:393,4
DA:398,4
DA:404,4
DA:405,4
DA:410,4
DA:420,1
DA:421,1
DA:422,1
DA:423,1
DA:425,1
DA:426,1
DA:427,1
DA:429,1
DA:443,5
DA:444,5
DA:447,3
DA:448,3
DA:449,3
DA:461,1
DA:462,2
DA:468,1
DA:469,2
DA:479,1
DA:480,1
DA:486,1
DA:487,1
DA:493,3
DA:494,3
DA:495,2
DA:496,1
LF:151
LH:151
BRDA:32,0,0,1
BRDA:32,0,1,1
BRDA:50,1,0,4
BRDA:50,1,1,1
BRDA:83,2,0,5
BRDA:83,2,1,2
BRDA:86,3,0,7
BRDA:86,3,1,1
BRDA:94,4,0,6
BRDA:94,4,1,1
BRDA:101,5,0,1
BRDA:101,5,1,3
BRDA:102,6,0,6
BRDA:102,6,1,1
BRDA:110,7,0,1
BRDA:110,7,1,6
BRDA:144,8,0,1
BRDA:144,8,1,7
BRDA:148,9,0,1
BRDA:148,9,1,7
BRDA:152,10,0,1
BRDA:152,10,1,7
BRDA:156,11,0,1
BRDA:156,11,1,7
BRDA:160,12,0,1
BRDA:160,12,1,7
BRDA:164,13,0,1
BRDA:164,13,1,7
BRDA:169,14,0,1
BRDA:169,14,1,7
BRDA:169,15,0,8
BRDA:169,15,1,7
BRDA:169,15,2,6
BRDA:185,16,0,1
BRDA:185,16,1,4
BRDA:189,17,0,1
BRDA:189,17,1,4
BRDA:193,18,0,1
BRDA:193,18,1,4
BRDA:197,19,0,1
BRDA:197,19,1,4
BRDA:213,20,0,1
BRDA:213,20,1,5
BRDA:217,21,0,1
BRDA:217,21,1,5
BRDA:221,22,0,1
BRDA:221,22,1,5
BRDA:225,23,0,1
BRDA:225,23,1,5
BRDA:225,24,0,6
BRDA:225,24,1,5
BRDA:225,24,2,4
BRDA:229,25,0,1
BRDA:229,25,1,5
BRDA:245,26,0,1
BRDA:245,26,1,1
BRDA:277,27,0,1
BRDA:277,27,1,1
BRDA:282,28,0,1
BRDA:282,28,1,1
BRDA:295,29,0,1
BRDA:295,29,1,2
BRDA:299,30,0,4
BRDA:299,30,1,2
BRDA:299,30,2,2
BRDA:299,30,3,2
BRDA:321,31,0,3
BRDA:321,31,1,6
BRDA:322,32,0,2
BRDA:322,32,1,7
BRDA:324,33,0,7
BRDA:324,33,1,2
BRDA:324,34,0,9
BRDA:324,34,1,7
BRDA:325,35,0,6
BRDA:325,35,1,1
BRDA:330,36,0,1
BRDA:330,36,1,1
BRDA:349,37,0,3
BRDA:349,37,1,1
BRDA:383,38,0,1
BRDA:383,38,1,3
BRDA:384,39,0,1
BRDA:384,39,1,2
BRDA:385,40,0,1
BRDA:385,40,1,1
BRDA:398,41,0,4
BRDA:398,41,1,1
BRDA:410,42,0,4
BRDA:410,42,1,1
BRDA:443,43,0,1
BRDA:447,44,0,1
BRDA:447,44,1,2
BRDA:448,45,0,2
BRDA:448,45,1,1
BRDA:494,46,0,1
BRDA:494,46,1,2
BRDA:495,47,0,1
BRDA:495,47,1,1
BRF:99
BRH:99
end_of_record
TN:
SF:lib\utils\employee-helpers.ts
FN:33,formatRupiah
FN:51,formatRupiahDecimal
FN:69,formatEmployeeStatus
FN:87,formatPosition
FN:101,getInitials
FN:118,formatPhone
FN:138,calculateTotalSalary
FN:155,calculateMonthlyEarnings
FN:173,calculateAttendanceRate
FN:188,calculateOvertimePay
FN:203,calculateBonusPenalty
FN:217,calculateAveragePerformance
FN:240,validateEmployeeForm
FN:288,validateEmail
FN:303,validatePhone
FN:319,validatePIN
FN:329,validatePayrollForm
FN:364,filterEmployees
FN:377,(anonymous_46)
FN:393,searchEmployees
FN:398,(anonymous_48)
FN:419,sortEmployees
FN:426,(anonymous_50)
FN:461,getStatusColor
FN:476,isEmployeeActive
FN:486,isEmployeeOnLeave
FN:496,isEmployeeInactive
FN:515,getTopPerformers
FN:521,(anonymous_56)
FN:522,(anonymous_57)
FN:542,getEmployeeRank
FN:548,(anonymous_59)
FN:559,calculateEmployeeSummary
FN:568,(anonymous_61)
FNF:34
FNH:34
FNDA:1,formatRupiah
FNDA:1,formatRupiahDecimal
FNDA:4,formatEmployeeStatus
FNDA:1,formatPosition
FNDA:2,getInitials
FNDA:2,formatPhone
FNDA:6,calculateTotalSalary
FNDA:1,calculateMonthlyEarnings
FNDA:2,calculateAttendanceRate
FNDA:1,calculateOvertimePay
FNDA:1,calculateBonusPenalty
FNDA:1,calculateAveragePerformance
FNDA:9,validateEmployeeForm
FNDA:12,validateEmail
FNDA:13,validatePhone
FNDA:13,validatePIN
FNDA:4,validatePayrollForm
FNDA:2,filterEmployees
FNDA:2,(anonymous_46)
FNDA:4,searchEmployees
FNDA:5,(anonymous_48)
FNDA:5,sortEmployees
FNDA:8,(anonymous_50)
FNDA:4,getStatusColor
FNDA:16,isEmployeeActive
FNDA:5,isEmployeeOnLeave
FNDA:5,isEmployeeInactive
FNDA:5,getTopPerformers
FNDA:10,(anonymous_56)
FNDA:5,(anonymous_57)
FNDA:2,getEmployeeRank
FNDA:3,(anonymous_59)
FNDA:2,calculateEmployeeSummary
FNDA:4,(anonymous_61)
DA:33,1
DA:34,1
DA:51,1
DA:52,1
DA:69,4
DA:70,4
DA:75,4
DA:87,1
DA:88,1
DA:101,2
DA:102,2
DA:103,2
DA:104,1
DA:106,1
DA:118,2
DA:119,2
DA:121,1
DA:138,2
DA:139,6
DA:140,6
DA:141,6
DA:155,1
DA:160,1
DA:173,2
DA:174,2
DA:175,1
DA:188,1
DA:189,1
DA:203,1
DA:208,1
DA:217,1
DA:219,1
DA:220,1
DA:221,1
DA:223,1
DA:240,9
DA:241,9
DA:244,9
DA:245,1
DA:246,8
DA:247,1
DA:251,9
DA:252,1
DA:253,8
DA:254,1
DA:258,9
DA:259,1
DA:263,9
DA:264,1
DA:268,9
DA:269,1
DA:272,9
DA:288,4
DA:289,12
DA:290,12
DA:303,5
DA:305,13
DA:306,13
DA:319,4
DA:320,13
DA:329,4
DA:330,4
DA:332,4
DA:333,1
DA:336,4
DA:337,1
DA:340,4
DA:341,1
DA:344,4
DA:364,2
DA:368,2
DA:371,2
DA:372,1
DA:376,2
DA:377,2
DA:380,2
DA:393,3
DA:394,4
DA:396,4
DA:398,3
DA:399,5
DA:419,5
DA:424,5
DA:426,5
DA:427,8
DA:428,8
DA:431,8
DA:432,8
DA:435,8
DA:436,6
DA:442,2
DA:445,5
DA:461,4
DA:462,4
DA:467,4
DA:476,2
DA:477,16
DA:486,1
DA:487,5
DA:496,1
DA:497,5
DA:515,3
DA:520,5
DA:521,10
DA:523,5
DA:524,5
DA:525,5
DA:526,4
DA:542,2
DA:547,2
DA:548,3
DA:559,2
DA:564,2
DA:565,2
DA:566,2
DA:568,2
DA:569,4
DA:570,4
DA:582,2
LF:119
LH:119
BRDA:75,0,0,4
BRDA:75,0,1,1
BRDA:103,1,0,1
BRDA:103,1,1,1
BRDA:119,2,0,1
BRDA:119,2,1,1
BRDA:139,3,0,6
BRDA:139,3,1,1
BRDA:140,4,0,6
BRDA:140,4,1,2
BRDA:174,5,0,1
BRDA:174,5,1,1
BRDA:244,6,0,1
BRDA:244,6,1,8
BRDA:246,7,0,1
BRDA:246,7,1,7
BRDA:251,8,0,1
BRDA:251,8,1,8
BRDA:253,9,0,1
BRDA:253,9,1,7
BRDA:258,10,0,1
BRDA:258,10,1,8
BRDA:258,11,0,9
BRDA:258,11,1,8
BRDA:263,12,0,1
BRDA:263,12,1,8
BRDA:268,13,0,1
BRDA:268,13,1,8
BRDA:332,14,0,1
BRDA:332,14,1,3
BRDA:336,15,0,1
BRDA:336,15,1,3
BRDA:336,16,0,4
BRDA:336,16,1,4
BRDA:340,17,0,1
BRDA:340,17,1,3
BRDA:371,18,0,1
BRDA:371,18,1,1
BRDA:376,19,0,1
BRDA:376,19,1,1
BRDA:396,20,0,1
BRDA:396,20,1,3
BRDA:400,21,0,5
BRDA:400,21,1,3
BRDA:400,21,2,3
BRDA:400,21,3,3
BRDA:402,22,0,3
BRDA:402,22,1,1
BRDA:431,23,0,3
BRDA:431,23,1,5
BRDA:432,24,0,2
BRDA:432,24,1,6
BRDA:435,25,0,6
BRDA:435,25,1,2
BRDA:435,26,0,8
BRDA:435,26,1,6
BRDA:436,27,0,5
BRDA:436,27,1,1
BRDA:442,28,0,1
BRDA:442,28,1,1
BRDA:467,29,0,4
BRDA:467,29,1,1
BRDA:518,30,0,2
BRDA:525,31,0,1
BRDA:525,31,1,4
BRDA:525,32,0,5
BRDA:525,32,1,4
BRDA:570,33,0,4
BRDA:570,33,1,1
BRF:69
BRH:69
end_of_record
TN:
SF:lib\utils\pos-helpers.ts
FN:32,formatRupiah
FN:50,parseNominal
FN:64,formatCurrency
FN:78,formatTransactionNumber
FN:92,formatPaymentMethod
FN:118,calculateSubtotal
FN:119,(anonymous_29)
FN:135,calculateDiscount
FN:155,calculateTotal
FN:170,calculateChange
FN:185,calculatePrices
FN:211,validateCart
FN:228,validatePayment
FN:248,validateDiscount
FN:274,validateCustomerName
FN:284,validateBranch
FN:303,checkStockAvailability
FN:317,(anonymous_40)
FN:345,calculateRemainingStock
FN:356,validateCartStock
FN:357,(anonymous_43)
FN:374,findCartItemIndex
FN:375,(anonymous_45)
FN:385,isServiceInCart
FN:401,getCartItemsCount
FN:402,(anonymous_48)
FN:419,getQuickAmounts
FN:423,(anonymous_50)
FNF:28
FNH:28
FNDA:64,formatRupiah
FNDA:9,parseNominal
FNDA:61,formatCurrency
FNDA:1,formatTransactionNumber
FNDA:5,formatPaymentMethod
FNDA:2,calculateSubtotal
FNDA:4,(anonymous_29)
FNDA:3,calculateDiscount
FNDA:3,calculateTotal
FNDA:2,calculateChange
FNDA:1,calculatePrices
FNDA:2,validateCart
FNDA:3,validatePayment
FNDA:3,validateDiscount
FNDA:3,validateCustomerName
FNDA:2,validateBranch
FNDA:7,checkStockAvailability
FNDA:3,(anonymous_40)
FNDA:1,calculateRemainingStock
FNDA:2,validateCartStock
FNDA:2,(anonymous_43)
FNDA:4,findCartItemIndex
FNDA:7,(anonymous_45)
FNDA:2,isServiceInCart
FNDA:1,getCartItemsCount
FNDA:2,(anonymous_48)
FNDA:2,getQuickAmounts
FNDA:6,(anonymous_50)
DA:32,4
DA:33,64
DA:34,63
DA:35,63
DA:36,62
DA:50,3
DA:51,9
DA:52,8
DA:64,61
DA:65,61
DA:66,60
DA:78,1
DA:79,1
DA:92,5
DA:93,5
DA:99,5
DA:118,1
DA:119,2
DA:120,4
DA:135,2
DA:136,3
DA:138,3
DA:139,2
DA:142,1
DA:155,2
DA:156,3
DA:170,2
DA:171,2
DA:185,1
DA:186,1
DA:187,1
DA:188,1
DA:190,1
DA:211,2
DA:212,2
DA:228,3
DA:230,3
DA:233,2
DA:248,3
DA:249,3
DA:252,3
DA:255,2
DA:256,1
DA:260,1
DA:274,3
DA:275,3
DA:284,2
DA:285,2
DA:303,5
DA:308,7
DA:309,2
DA:317,5
DA:319,5
DA:320,3
DA:328,2
DA:330,2
DA:345,1
DA:346,1
DA:356,2
DA:357,2
DA:358,2
DA:359,2
DA:374,2
DA:375,7
DA:385,2
DA:386,2
DA:401,1
DA:402,2
DA:419,2
DA:420,2
DA:423,6
DA:425,2
DA:427,1
DA:431,1
DA:432,1
LF:75
LH:75
BRDA:33,0,0,1
BRDA:33,0,1,63
BRDA:33,1,0,64
BRDA:33,1,1,2
BRDA:35,2,0,1
BRDA:35,2,1,62
BRDA:51,3,0,1
BRDA:51,3,1,8
BRDA:52,4,0,8
BRDA:52,4,1,1
BRDA:65,5,0,1
BRDA:65,5,1,60
BRDA:65,6,0,61
BRDA:65,6,1,2
BRDA:99,7,0,5
BRDA:99,7,1,1
BRDA:138,8,0,2
BRDA:138,8,1,1
BRDA:230,9,0,1
BRDA:230,9,1,2
BRDA:252,10,0,1
BRDA:252,10,1,2
BRDA:255,11,0,1
BRDA:255,11,1,1
BRDA:256,12,0,1
BRDA:256,12,1,1
BRDA:260,13,0,1
BRDA:260,13,1,1
BRDA:308,14,0,2
BRDA:308,14,1,5
BRDA:319,15,0,3
BRDA:319,15,1,2
BRDA:334,16,0,1
BRDA:334,16,1,1
BRDA:425,17,0,1
BRDA:425,17,1,1
BRF:36
BRH:36
end_of_record
TN:
SF:lib\utils\receipt-helpers.ts
FN:25,generateReceiptHTML
FN:127,(anonymous_10)
FN:175,generateReceiptText
FN:203,(anonymous_12)
FN:237,centerText
FN:245,padLine
FN:259,printReceipt
FN:276,(anonymous_16)
FN:280,(anonymous_17)
FN:297,textToESCPOS
FN:327,printViaBluetooth
FN:373,(anonymous_20)
FN:387,isBluetoothSupported
FN:396,requestBluetoothDevice
FN:421,connectBluetoothDevice
FN:435,disconnectBluetoothDevice
FNF:16
FNH:16
FNDA:6,generateReceiptHTML
FNDA:6,(anonymous_10)
FNDA:6,generateReceiptText
FNDA:6,(anonymous_12)
FNDA:20,centerText
FNDA:29,padLine
FNDA:2,printReceipt
FNDA:1,(anonymous_16)
FNDA:1,(anonymous_17)
FNDA:1,textToESCPOS
FNDA:5,printViaBluetooth
FNDA:2,(anonymous_20)
FNDA:5,isBluetoothSupported
FNDA:3,requestBluetoothDevice
FNDA:2,connectBluetoothDevice
FNDA:3,disconnectBluetoothDevice
DA:13,1
DA:25,4
DA:26,6
DA:28,6
DA:29,6
DA:30,6
DA:32,6
DA:127,6
DA:175,5
DA:176,6
DA:178,6
DA:179,6
DA:180,6
DA:182,6
DA:183,6
DA:184,6
DA:186,6
DA:189,6
DA:190,6
DA:191,6
DA:192,6
DA:195,6
DA:196,6
DA:197,6
DA:198,6
DA:199,6
DA:200,6
DA:203,6
DA:204,6
DA:205,6
DA:206,6
DA:207,6
DA:209,6
DA:212,6
DA:213,6
DA:214,5
DA:216,6
DA:217,6
DA:218,6
DA:219,6
DA:222,6
DA:223,6
DA:224,6
DA:225,6
DA:227,6
DA:238,20
DA:239,20
DA:246,29
DA:247,29
DA:259,2
DA:260,2
DA:263,2
DA:264,2
DA:265,2
DA:268,2
DA:269,2
DA:270,1
DA:271,1
DA:272,1
DA:275,1
DA:276,1
DA:277,1
DA:280,1
DA:281,1
DA:298,1
DA:299,1
DA:302,1
DA:303,1
DA:306,1
DA:309,1
DA:312,1
DA:313,1
DA:314,1
DA:315,1
DA:317,1
DA:327,5
DA:331,5
DA:332,2
DA:335,3
DA:337,3
DA:338,3
DA:341,2
DA:343,2
DA:344,2
DA:346,2
DA:347,2
DA:348,1
DA:349,1
DA:353,2
DA:356,2
DA:357,1
DA:361,1
DA:364,1
DA:367,1
DA:368,1
DA:369,2
DA:370,2
DA:373,2
DA:377,2
DA:378,2
DA:387,2
DA:388,5
DA:396,3
DA:397,3
DA:398,1
DA:401,2
DA:402,2
DA:408,1
DA:410,1
DA:411,1
DA:421,2
DA:422,2
DA:423,2
DA:425,1
DA:426,1
DA:435,3
DA:436,3
DA:437,1
LF:118
LH:118
BRDA:28,0,0,6
BRDA:28,0,1,6
BRDA:28,0,2,6
BRDA:29,1,0,6
BRDA:29,1,1,5
BRDA:29,1,2,5
BRDA:30,2,0,6
BRDA:30,2,1,5
BRDA:30,2,2,5
BRDA:114,3,0,1
BRDA:114,3,1,5
BRDA:115,4,0,1
BRDA:115,4,1,5
BRDA:121,5,0,5
BRDA:121,5,1,1
BRDA:122,6,0,5
BRDA:122,6,1,1
BRDA:123,7,0,5
BRDA:123,7,1,1
BRDA:143,8,0,5
BRDA:143,8,1,1
BRDA:160,9,0,6
BRDA:160,9,1,6
BRDA:162,10,0,6
BRDA:162,10,1,6
BRDA:178,11,0,6
BRDA:178,11,1,6
BRDA:178,11,2,6
BRDA:179,12,0,6
BRDA:179,12,1,5
BRDA:179,12,2,5
BRDA:180,13,0,6
BRDA:180,13,1,5
BRDA:180,13,2,5
BRDA:190,14,0,1
BRDA:190,14,1,5
BRDA:191,15,0,1
BRDA:191,15,1,5
BRDA:197,16,0,5
BRDA:197,16,1,1
BRDA:198,17,0,5
BRDA:198,17,1,1
BRDA:199,18,0,5
BRDA:199,18,1,1
BRDA:213,19,0,5
BRDA:213,19,1,1
BRDA:223,20,0,6
BRDA:223,20,1,5
BRDA:224,21,0,6
BRDA:224,21,1,6
BRDA:269,22,0,1
BRDA:269,22,1,1
BRDA:331,23,0,2
BRDA:331,23,1,3
BRDA:331,24,0,5
BRDA:331,24,1,4
BRDA:347,25,0,1
BRDA:347,25,1,1
BRDA:347,26,0,2
BRDA:347,26,1,1
BRDA:353,27,0,1
BRDA:353,27,1,1
BRDA:356,28,0,1
BRDA:356,28,1,1
BRDA:388,29,0,5
BRDA:388,29,1,5
BRDA:397,30,0,1
BRDA:397,30,1,2
BRDA:436,31,0,1
BRDA:436,31,1,2
BRDA:436,32,0,3
BRDA:436,32,1,2
BRF:72
BRH:72
end_of_record
TN:
SF:lib\utils\transaction-helpers.ts
FN:14,(anonymous_16)
FN:32,(anonymous_17)
FN:52,(anonymous_18)
FN:72,(anonymous_19)
FN:90,(anonymous_20)
FN:102,(anonymous_21)
FN:115,(anonymous_22)
FN:130,(anonymous_23)
FN:135,(anonymous_24)
FN:136,(anonymous_25)
FN:144,(anonymous_26)
FN:153,(anonymous_27)
FN:154,(anonymous_28)
FN:162,(anonymous_29)
FN:163,(anonymous_30)
FN:166,(anonymous_31)
FN:177,(anonymous_32)
FN:226,(anonymous_33)
FN:247,(anonymous_34)
FN:266,(anonymous_35)
FN:274,(anonymous_36)
FNF:21
FNH:21
FNDA:4,(anonymous_16)
FNDA:5,(anonymous_17)
FNDA:5,(anonymous_18)
FNDA:4,(anonymous_19)
FNDA:1,(anonymous_20)
FNDA:1,(anonymous_21)
FNDA:1,(anonymous_22)
FNDA:3,(anonymous_23)
FNDA:7,(anonymous_24)
FNDA:6,(anonymous_25)
FNDA:1,(anonymous_26)
FNDA:1,(anonymous_27)
FNDA:3,(anonymous_28)
FNDA:3,(anonymous_29)
FNDA:5,(anonymous_30)
FNDA:3,(anonymous_31)
FNDA:6,(anonymous_32)
FNDA:5,(anonymous_33)
FNDA:6,(anonymous_34)
FNDA:4,(anonymous_35)
FNDA:8,(anonymous_36)
DA:14,4
DA:15,4
DA:17,1
DA:19,1
DA:21,1
DA:23,1
DA:32,5
DA:33,5
DA:35,1
DA:37,1
DA:39,1
DA:41,1
DA:43,1
DA:52,5
DA:53,5
DA:55,1
DA:57,1
DA:59,1
DA:61,1
DA:63,1
DA:72,4
DA:73,4
DA:75,1
DA:77,1
DA:79,1
DA:81,1
DA:90,1
DA:91,1
DA:102,1
DA:103,1
DA:115,1
DA:116,1
DA:130,3
DA:134,3
DA:135,7
DA:136,6
DA:144,1
DA:145,1
DA:153,1
DA:154,3
DA:162,3
DA:163,5
DA:164,3
DA:166,3
DA:167,2
DA:177,6
DA:182,6
DA:183,6
DA:184,6
DA:186,6
DA:188,1
DA:189,1
DA:190,1
DA:193,2
DA:194,2
DA:195,2
DA:196,2
DA:197,2
DA:199,2
DA:200,2
DA:201,2
DA:202,2
DA:205,1
DA:206,1
DA:207,1
DA:208,1
DA:211,2
DA:212,1
DA:213,1
DA:215,2
DA:218,6
DA:226,5
DA:227,5
DA:229,1
DA:231,1
DA:233,1
DA:235,1
DA:237,1
DA:247,4
DA:248,6
DA:250,5
DA:251,5
DA:266,4
DA:274,4
DA:275,8
DA:276,8
DA:277,8
DA:279,8
LF:88
LH:88
BRDA:15,0,0,1
BRDA:15,0,1,1
BRDA:15,0,2,1
BRDA:15,0,3,1
BRDA:33,1,0,1
BRDA:33,1,1,1
BRDA:33,1,2,1
BRDA:33,1,3,1
BRDA:33,1,4,1
BRDA:53,2,0,1
BRDA:53,2,1,1
BRDA:53,2,2,1
BRDA:53,2,3,1
BRDA:53,2,4,1
BRDA:73,3,0,1
BRDA:73,3,1,1
BRDA:73,3,2,1
BRDA:73,3,3,1
BRDA:132,4,0,2
BRDA:135,5,0,7
BRDA:135,5,1,4
BRDA:136,6,0,6
BRDA:136,6,1,1
BRDA:164,7,0,1
BRDA:164,7,1,2
BRDA:166,8,0,3
BRDA:166,8,1,1
BRDA:186,9,0,1
BRDA:186,9,1,2
BRDA:186,9,2,1
BRDA:186,9,3,2
BRDA:195,10,0,1
BRDA:195,10,1,1
BRDA:211,11,0,1
BRDA:211,11,1,1
BRDA:211,12,0,2
BRDA:211,12,1,1
BRDA:227,13,0,1
BRDA:227,13,1,1
BRDA:227,13,2,1
BRDA:227,13,3,1
BRDA:227,13,4,1
BRDA:248,14,0,1
BRDA:248,14,1,5
BRDA:252,15,0,5
BRDA:252,15,1,4
BRDA:252,15,2,2
BRDA:252,15,3,2
BRDA:252,15,4,2
BRDA:275,16,0,8
BRDA:275,16,1,2
BRDA:276,17,0,8
BRDA:276,17,1,4
BRDA:276,17,2,2
BRDA:277,18,0,8
BRDA:277,18,1,6
BRDA:277,18,2,4
BRDA:279,19,0,8
BRDA:279,19,1,7
BRDA:279,19,2,6
BRF:60
BRH:60
end_of_record
